Picked up JAVA_TOOL_OPTIONS:  -Xmx3435m
Spark Command: /home/gitpod/.sdkman/candidates/java/current/bin/java -cp /workspace/PysparkMongoAirflow/spark-3.1.1-bin-hadoop2.7/conf/:/workspace/PysparkMongoAirflow/spark-3.1.1-bin-hadoop2.7/jars/* -Xmx1g org.apache.spark.deploy.worker.Worker --webui-port 8081 spark://giangtpham-pysparkmongoa-vh7eh0mck9l:7077
========================================
Picked up JAVA_TOOL_OPTIONS:  -Xmx3435m
Using Spark's default log4j profile: org/apache/spark/log4j-defaults.properties
22/03/03 03:00:04 INFO Worker: Started daemon with process name: 3979@giangtpham-pysparkmongoa-vh7eh0mck9l
22/03/03 03:00:04 INFO SignalUtils: Registering signal handler for TERM
22/03/03 03:00:04 INFO SignalUtils: Registering signal handler for HUP
22/03/03 03:00:04 INFO SignalUtils: Registering signal handler for INT
22/03/03 03:00:04 WARN Utils: Your hostname, giangtpham-pysparkmongoa-vh7eh0mck9l resolves to a loopback address: 127.0.0.1; using 10.0.2.100 instead (on interface tap0)
22/03/03 03:00:04 WARN Utils: Set SPARK_LOCAL_IP if you need to bind to another address
WARNING: An illegal reflective access operation has occurred
WARNING: Illegal reflective access by org.apache.spark.unsafe.Platform (file:/workspace/PysparkMongoAirflow/spark-3.1.1-bin-hadoop2.7/jars/spark-unsafe_2.12-3.1.1.jar) to constructor java.nio.DirectByteBuffer(long,int)
WARNING: Please consider reporting this to the maintainers of org.apache.spark.unsafe.Platform
WARNING: Use --illegal-access=warn to enable warnings of further illegal reflective access operations
WARNING: All illegal access operations will be denied in a future release
22/03/03 03:00:04 WARN NativeCodeLoader: Unable to load native-hadoop library for your platform... using builtin-java classes where applicable
22/03/03 03:00:04 INFO SecurityManager: Changing view acls to: gitpod
22/03/03 03:00:04 INFO SecurityManager: Changing modify acls to: gitpod
22/03/03 03:00:04 INFO SecurityManager: Changing view acls groups to: 
22/03/03 03:00:04 INFO SecurityManager: Changing modify acls groups to: 
22/03/03 03:00:04 INFO SecurityManager: SecurityManager: authentication disabled; ui acls disabled; users  with view permissions: Set(gitpod); groups with view permissions: Set(); users  with modify permissions: Set(gitpod); groups with modify permissions: Set()
22/03/03 03:00:05 INFO Utils: Successfully started service 'sparkWorker' on port 46045.
22/03/03 03:00:05 INFO Worker: Worker decommissioning not enabled, SIGPWR will result in exiting.
22/03/03 03:00:05 INFO Worker: Starting Spark worker 10.0.2.100:46045 with 1 cores, 1024.0 MiB RAM
22/03/03 03:00:05 INFO Worker: Running Spark version 3.1.1
22/03/03 03:00:05 INFO Worker: Spark home: /workspace/PysparkMongoAirflow/spark-3.1.1-bin-hadoop2.7
22/03/03 03:00:05 INFO ResourceUtils: ==============================================================
22/03/03 03:00:05 INFO ResourceUtils: No custom resources configured for spark.worker.
22/03/03 03:00:05 INFO ResourceUtils: ==============================================================
22/03/03 03:00:05 INFO Utils: Successfully started service 'WorkerUI' on port 8081.
22/03/03 03:00:05 INFO WorkerWebUI: Bound WorkerWebUI to 0.0.0.0, and started at http://10.0.2.100:8081
22/03/03 03:00:05 INFO Worker: Connecting to master giangtpham-pysparkmongoa-vh7eh0mck9l:7077...
22/03/03 03:00:05 INFO TransportClientFactory: Successfully created connection to giangtpham-pysparkmongoa-vh7eh0mck9l/127.0.0.1:7077 after 33 ms (0 ms spent in bootstraps)
22/03/03 03:00:05 INFO Worker: Successfully registered with master spark://giangtpham-pysparkmongoa-vh7eh0mck9l:7077
22/03/03 03:23:46 INFO Worker: Asked to launch executor app-20220303032346-0000/0 for pyspark-notebook2
22/03/03 03:23:46 INFO SecurityManager: Changing view acls to: gitpod
22/03/03 03:23:46 INFO SecurityManager: Changing modify acls to: gitpod
22/03/03 03:23:46 INFO SecurityManager: Changing view acls groups to: 
22/03/03 03:23:46 INFO SecurityManager: Changing modify acls groups to: 
22/03/03 03:23:46 INFO SecurityManager: SecurityManager: authentication disabled; ui acls disabled; users  with view permissions: Set(gitpod); groups with view permissions: Set(); users  with modify permissions: Set(gitpod); groups with modify permissions: Set()
22/03/03 03:23:46 INFO ExecutorRunner: Launch command: "/home/gitpod/.sdkman/candidates/java/current/bin/java" "-cp" "/workspace/PysparkMongoAirflow/spark-3.1.1-bin-hadoop2.7/conf/:/workspace/PysparkMongoAirflow/spark-3.1.1-bin-hadoop2.7/jars/*" "-Xmx1024M" "-Dspark.driver.port=39461" "org.apache.spark.executor.CoarseGrainedExecutorBackend" "--driver-url" "spark://CoarseGrainedScheduler@10.0.2.100:39461" "--executor-id" "0" "--hostname" "10.0.2.100" "--cores" "1" "--app-id" "app-20220303032346-0000" "--worker-url" "spark://Worker@10.0.2.100:46045"
22/03/03 03:24:07 INFO Worker: Asked to kill executor app-20220303032346-0000/0
22/03/03 03:24:07 INFO ExecutorRunner: Runner thread for executor app-20220303032346-0000/0 interrupted
22/03/03 03:24:07 INFO ExecutorRunner: Killing process!
22/03/03 03:24:07 INFO Worker: Executor app-20220303032346-0000/0 finished with state KILLED exitStatus 0
22/03/03 03:24:07 INFO ExternalShuffleBlockResolver: Clean up non-shuffle and non-RDD files associated with the finished executor 0
22/03/03 03:24:07 INFO ExternalShuffleBlockResolver: Executor is not registered (appId=app-20220303032346-0000, execId=0)
22/03/03 03:24:07 INFO ExternalShuffleBlockResolver: Application app-20220303032346-0000 removed, cleanupLocalDirs = true
22/03/03 03:24:07 INFO Worker: Cleaning up local directories for application app-20220303032346-0000
22/03/03 03:24:13 INFO Worker: Asked to launch executor app-20220303032413-0001/0 for activity
22/03/03 03:24:13 INFO SecurityManager: Changing view acls to: gitpod
22/03/03 03:24:13 INFO SecurityManager: Changing modify acls to: gitpod
22/03/03 03:24:13 INFO SecurityManager: Changing view acls groups to: 
22/03/03 03:24:13 INFO SecurityManager: Changing modify acls groups to: 
22/03/03 03:24:13 INFO SecurityManager: SecurityManager: authentication disabled; ui acls disabled; users  with view permissions: Set(gitpod); groups with view permissions: Set(); users  with modify permissions: Set(gitpod); groups with modify permissions: Set()
22/03/03 03:24:13 INFO ExecutorRunner: Launch command: "/home/gitpod/.sdkman/candidates/java/current/bin/java" "-cp" "/workspace/PysparkMongoAirflow/spark-3.1.1-bin-hadoop2.7/conf/:/workspace/PysparkMongoAirflow/spark-3.1.1-bin-hadoop2.7/jars/*" "-Xmx1024M" "-Dspark.driver.port=35123" "org.apache.spark.executor.CoarseGrainedExecutorBackend" "--driver-url" "spark://CoarseGrainedScheduler@10.0.2.100:35123" "--executor-id" "0" "--hostname" "10.0.2.100" "--cores" "1" "--app-id" "app-20220303032413-0001" "--worker-url" "spark://Worker@10.0.2.100:46045"
22/03/03 03:24:40 INFO Worker: Asked to kill executor app-20220303032413-0001/0
22/03/03 03:24:40 INFO ExecutorRunner: Runner thread for executor app-20220303032413-0001/0 interrupted
22/03/03 03:24:40 INFO ExecutorRunner: Killing process!
22/03/03 03:24:40 INFO Worker: Executor app-20220303032413-0001/0 finished with state KILLED exitStatus 143
22/03/03 03:24:40 INFO ExternalShuffleBlockResolver: Clean up non-shuffle and non-RDD files associated with the finished executor 0
22/03/03 03:24:40 INFO ExternalShuffleBlockResolver: Executor is not registered (appId=app-20220303032413-0001, execId=0)
22/03/03 03:24:40 INFO ExternalShuffleBlockResolver: Application app-20220303032413-0001 removed, cleanupLocalDirs = true
22/03/03 03:24:40 INFO Worker: Cleaning up local directories for application app-20220303032413-0001
22/03/03 03:24:45 INFO Worker: Asked to launch executor app-20220303032445-0002/0 for promotion
22/03/03 03:24:45 INFO SecurityManager: Changing view acls to: gitpod
22/03/03 03:24:45 INFO SecurityManager: Changing modify acls to: gitpod
22/03/03 03:24:45 INFO SecurityManager: Changing view acls groups to: 
22/03/03 03:24:45 INFO SecurityManager: Changing modify acls groups to: 
22/03/03 03:24:45 INFO SecurityManager: SecurityManager: authentication disabled; ui acls disabled; users  with view permissions: Set(gitpod); groups with view permissions: Set(); users  with modify permissions: Set(gitpod); groups with modify permissions: Set()
22/03/03 03:24:45 INFO ExecutorRunner: Launch command: "/home/gitpod/.sdkman/candidates/java/current/bin/java" "-cp" "/workspace/PysparkMongoAirflow/spark-3.1.1-bin-hadoop2.7/conf/:/workspace/PysparkMongoAirflow/spark-3.1.1-bin-hadoop2.7/jars/*" "-Xmx1024M" "-Dspark.driver.port=38177" "org.apache.spark.executor.CoarseGrainedExecutorBackend" "--driver-url" "spark://CoarseGrainedScheduler@10.0.2.100:38177" "--executor-id" "0" "--hostname" "10.0.2.100" "--cores" "1" "--app-id" "app-20220303032445-0002" "--worker-url" "spark://Worker@10.0.2.100:46045"
22/03/03 03:24:51 INFO Worker: Asked to kill executor app-20220303032445-0002/0
22/03/03 03:24:51 INFO ExecutorRunner: Runner thread for executor app-20220303032445-0002/0 interrupted
22/03/03 03:24:51 INFO ExecutorRunner: Killing process!
22/03/03 03:24:51 INFO Worker: Executor app-20220303032445-0002/0 finished with state KILLED exitStatus 143
22/03/03 03:24:51 INFO ExternalShuffleBlockResolver: Clean up non-shuffle and non-RDD files associated with the finished executor 0
22/03/03 03:24:51 INFO ExternalShuffleBlockResolver: Executor is not registered (appId=app-20220303032445-0002, execId=0)
22/03/03 03:24:51 INFO ExternalShuffleBlockResolver: Application app-20220303032445-0002 removed, cleanupLocalDirs = true
22/03/03 03:24:51 INFO Worker: Cleaning up local directories for application app-20220303032445-0002
22/03/03 03:35:15 INFO Worker: Asked to launch executor app-20220303033515-0003/0 for pyspark-notebook2
22/03/03 03:35:15 INFO SecurityManager: Changing view acls to: gitpod
22/03/03 03:35:15 INFO SecurityManager: Changing modify acls to: gitpod
22/03/03 03:35:15 INFO SecurityManager: Changing view acls groups to: 
22/03/03 03:35:15 INFO SecurityManager: Changing modify acls groups to: 
22/03/03 03:35:15 INFO SecurityManager: SecurityManager: authentication disabled; ui acls disabled; users  with view permissions: Set(gitpod); groups with view permissions: Set(); users  with modify permissions: Set(gitpod); groups with modify permissions: Set()
22/03/03 03:35:15 INFO ExecutorRunner: Launch command: "/home/gitpod/.sdkman/candidates/java/current/bin/java" "-cp" "/workspace/PysparkMongoAirflow/spark-3.1.1-bin-hadoop2.7/conf/:/workspace/PysparkMongoAirflow/spark-3.1.1-bin-hadoop2.7/jars/*" "-Xmx1024M" "-Dspark.driver.port=40565" "org.apache.spark.executor.CoarseGrainedExecutorBackend" "--driver-url" "spark://CoarseGrainedScheduler@10.0.2.100:40565" "--executor-id" "0" "--hostname" "10.0.2.100" "--cores" "1" "--app-id" "app-20220303033515-0003" "--worker-url" "spark://Worker@10.0.2.100:46045"
22/03/03 03:35:42 INFO Worker: Asked to kill executor app-20220303033515-0003/0
22/03/03 03:35:42 INFO ExecutorRunner: Runner thread for executor app-20220303033515-0003/0 interrupted
22/03/03 03:35:42 INFO ExecutorRunner: Killing process!
22/03/03 03:35:42 INFO Worker: Executor app-20220303033515-0003/0 finished with state KILLED exitStatus 143
22/03/03 03:35:42 INFO ExternalShuffleBlockResolver: Clean up non-shuffle and non-RDD files associated with the finished executor 0
22/03/03 03:35:42 INFO ExternalShuffleBlockResolver: Executor is not registered (appId=app-20220303033515-0003, execId=0)
22/03/03 03:35:42 INFO ExternalShuffleBlockResolver: Application app-20220303033515-0003 removed, cleanupLocalDirs = true
22/03/03 03:35:42 INFO Worker: Cleaning up local directories for application app-20220303033515-0003
22/03/03 03:35:49 INFO Worker: Asked to launch executor app-20220303033549-0004/0 for activity
22/03/03 03:35:49 INFO SecurityManager: Changing view acls to: gitpod
22/03/03 03:35:49 INFO SecurityManager: Changing modify acls to: gitpod
22/03/03 03:35:49 INFO SecurityManager: Changing view acls groups to: 
22/03/03 03:35:49 INFO SecurityManager: Changing modify acls groups to: 
22/03/03 03:35:49 INFO SecurityManager: SecurityManager: authentication disabled; ui acls disabled; users  with view permissions: Set(gitpod); groups with view permissions: Set(); users  with modify permissions: Set(gitpod); groups with modify permissions: Set()
22/03/03 03:35:49 INFO ExecutorRunner: Launch command: "/home/gitpod/.sdkman/candidates/java/current/bin/java" "-cp" "/workspace/PysparkMongoAirflow/spark-3.1.1-bin-hadoop2.7/conf/:/workspace/PysparkMongoAirflow/spark-3.1.1-bin-hadoop2.7/jars/*" "-Xmx1024M" "-Dspark.driver.port=43767" "org.apache.spark.executor.CoarseGrainedExecutorBackend" "--driver-url" "spark://CoarseGrainedScheduler@10.0.2.100:43767" "--executor-id" "0" "--hostname" "10.0.2.100" "--cores" "1" "--app-id" "app-20220303033549-0004" "--worker-url" "spark://Worker@10.0.2.100:46045"
22/03/03 03:36:31 INFO Worker: Asked to kill executor app-20220303033549-0004/0
22/03/03 03:36:31 INFO ExecutorRunner: Runner thread for executor app-20220303033549-0004/0 interrupted
22/03/03 03:36:31 INFO ExecutorRunner: Killing process!
22/03/03 03:36:32 INFO Worker: Executor app-20220303033549-0004/0 finished with state KILLED exitStatus 143
22/03/03 03:36:32 INFO ExternalShuffleBlockResolver: Clean up non-shuffle and non-RDD files associated with the finished executor 0
22/03/03 03:36:32 INFO ExternalShuffleBlockResolver: Executor is not registered (appId=app-20220303033549-0004, execId=0)
22/03/03 03:36:32 INFO ExternalShuffleBlockResolver: Application app-20220303033549-0004 removed, cleanupLocalDirs = true
22/03/03 03:36:32 INFO Worker: Cleaning up local directories for application app-20220303033549-0004
22/03/03 03:36:39 INFO Worker: Asked to launch executor app-20220303033639-0005/0 for promotion
22/03/03 03:36:39 INFO SecurityManager: Changing view acls to: gitpod
22/03/03 03:36:39 INFO SecurityManager: Changing modify acls to: gitpod
22/03/03 03:36:39 INFO SecurityManager: Changing view acls groups to: 
22/03/03 03:36:39 INFO SecurityManager: Changing modify acls groups to: 
22/03/03 03:36:39 INFO SecurityManager: SecurityManager: authentication disabled; ui acls disabled; users  with view permissions: Set(gitpod); groups with view permissions: Set(); users  with modify permissions: Set(gitpod); groups with modify permissions: Set()
22/03/03 03:36:39 INFO ExecutorRunner: Launch command: "/home/gitpod/.sdkman/candidates/java/current/bin/java" "-cp" "/workspace/PysparkMongoAirflow/spark-3.1.1-bin-hadoop2.7/conf/:/workspace/PysparkMongoAirflow/spark-3.1.1-bin-hadoop2.7/jars/*" "-Xmx1024M" "-Dspark.driver.port=39665" "org.apache.spark.executor.CoarseGrainedExecutorBackend" "--driver-url" "spark://CoarseGrainedScheduler@10.0.2.100:39665" "--executor-id" "0" "--hostname" "10.0.2.100" "--cores" "1" "--app-id" "app-20220303033639-0005" "--worker-url" "spark://Worker@10.0.2.100:46045"
22/03/03 03:36:48 INFO Worker: Asked to kill executor app-20220303033639-0005/0
22/03/03 03:36:48 INFO ExecutorRunner: Runner thread for executor app-20220303033639-0005/0 interrupted
22/03/03 03:36:48 INFO ExecutorRunner: Killing process!
22/03/03 03:36:48 INFO Worker: Executor app-20220303033639-0005/0 finished with state KILLED exitStatus 143
22/03/03 03:36:48 INFO ExternalShuffleBlockResolver: Clean up non-shuffle and non-RDD files associated with the finished executor 0
22/03/03 03:36:48 INFO ExternalShuffleBlockResolver: Executor is not registered (appId=app-20220303033639-0005, execId=0)
22/03/03 03:36:48 INFO ExternalShuffleBlockResolver: Application app-20220303033639-0005 removed, cleanupLocalDirs = true
22/03/03 03:36:48 INFO Worker: Cleaning up local directories for application app-20220303033639-0005
22/03/03 03:48:25 INFO Worker: Asked to launch executor app-20220303034825-0006/0 for pyspark-notebook2
22/03/03 03:48:25 INFO SecurityManager: Changing view acls to: gitpod
22/03/03 03:48:25 INFO SecurityManager: Changing modify acls to: gitpod
22/03/03 03:48:25 INFO SecurityManager: Changing view acls groups to: 
22/03/03 03:48:25 INFO SecurityManager: Changing modify acls groups to: 
22/03/03 03:48:25 INFO SecurityManager: SecurityManager: authentication disabled; ui acls disabled; users  with view permissions: Set(gitpod); groups with view permissions: Set(); users  with modify permissions: Set(gitpod); groups with modify permissions: Set()
22/03/03 03:48:25 INFO ExecutorRunner: Launch command: "/home/gitpod/.sdkman/candidates/java/current/bin/java" "-cp" "/workspace/PysparkMongoAirflow/spark-3.1.1-bin-hadoop2.7/conf/:/workspace/PysparkMongoAirflow/spark-3.1.1-bin-hadoop2.7/jars/*" "-Xmx1024M" "-Dspark.driver.port=46575" "org.apache.spark.executor.CoarseGrainedExecutorBackend" "--driver-url" "spark://CoarseGrainedScheduler@10.0.2.100:46575" "--executor-id" "0" "--hostname" "10.0.2.100" "--cores" "1" "--app-id" "app-20220303034825-0006" "--worker-url" "spark://Worker@10.0.2.100:46045"
22/03/03 03:49:17 INFO Worker: Asked to kill executor app-20220303034825-0006/0
22/03/03 03:49:17 INFO ExecutorRunner: Runner thread for executor app-20220303034825-0006/0 interrupted
22/03/03 03:49:17 INFO ExecutorRunner: Killing process!
22/03/03 03:49:17 INFO Worker: Executor app-20220303034825-0006/0 finished with state KILLED exitStatus 143
22/03/03 03:49:17 INFO ExternalShuffleBlockResolver: Clean up non-shuffle and non-RDD files associated with the finished executor 0
22/03/03 03:49:17 INFO ExternalShuffleBlockResolver: Executor is not registered (appId=app-20220303034825-0006, execId=0)
22/03/03 03:49:17 INFO ExternalShuffleBlockResolver: Application app-20220303034825-0006 removed, cleanupLocalDirs = true
22/03/03 03:49:17 INFO Worker: Cleaning up local directories for application app-20220303034825-0006
22/03/03 03:49:28 INFO Worker: Asked to launch executor app-20220303034928-0007/0 for activity
22/03/03 03:49:28 INFO SecurityManager: Changing view acls to: gitpod
22/03/03 03:49:28 INFO SecurityManager: Changing modify acls to: gitpod
22/03/03 03:49:28 INFO SecurityManager: Changing view acls groups to: 
22/03/03 03:49:28 INFO SecurityManager: Changing modify acls groups to: 
22/03/03 03:49:28 INFO SecurityManager: SecurityManager: authentication disabled; ui acls disabled; users  with view permissions: Set(gitpod); groups with view permissions: Set(); users  with modify permissions: Set(gitpod); groups with modify permissions: Set()
22/03/03 03:49:28 INFO ExecutorRunner: Launch command: "/home/gitpod/.sdkman/candidates/java/current/bin/java" "-cp" "/workspace/PysparkMongoAirflow/spark-3.1.1-bin-hadoop2.7/conf/:/workspace/PysparkMongoAirflow/spark-3.1.1-bin-hadoop2.7/jars/*" "-Xmx1024M" "-Dspark.driver.port=42461" "org.apache.spark.executor.CoarseGrainedExecutorBackend" "--driver-url" "spark://CoarseGrainedScheduler@10.0.2.100:42461" "--executor-id" "0" "--hostname" "10.0.2.100" "--cores" "1" "--app-id" "app-20220303034928-0007" "--worker-url" "spark://Worker@10.0.2.100:46045"
22/03/03 03:50:10 INFO Worker: Asked to kill executor app-20220303034928-0007/0
22/03/03 03:50:10 INFO ExecutorRunner: Runner thread for executor app-20220303034928-0007/0 interrupted
22/03/03 03:50:10 INFO ExecutorRunner: Killing process!
22/03/03 03:50:10 INFO Worker: Executor app-20220303034928-0007/0 finished with state KILLED exitStatus 143
22/03/03 03:50:10 INFO ExternalShuffleBlockResolver: Clean up non-shuffle and non-RDD files associated with the finished executor 0
22/03/03 03:50:10 INFO ExternalShuffleBlockResolver: Executor is not registered (appId=app-20220303034928-0007, execId=0)
22/03/03 03:50:10 INFO ExternalShuffleBlockResolver: Application app-20220303034928-0007 removed, cleanupLocalDirs = true
22/03/03 03:50:10 INFO Worker: Cleaning up local directories for application app-20220303034928-0007
22/03/03 04:40:05 INFO Worker: Asked to launch executor app-20220303044005-0008/0 for pyspark-notebook2
22/03/03 04:40:05 INFO SecurityManager: Changing view acls to: gitpod
22/03/03 04:40:05 INFO SecurityManager: Changing modify acls to: gitpod
22/03/03 04:40:05 INFO SecurityManager: Changing view acls groups to: 
22/03/03 04:40:05 INFO SecurityManager: Changing modify acls groups to: 
22/03/03 04:40:05 INFO SecurityManager: SecurityManager: authentication disabled; ui acls disabled; users  with view permissions: Set(gitpod); groups with view permissions: Set(); users  with modify permissions: Set(gitpod); groups with modify permissions: Set()
22/03/03 04:40:05 INFO ExecutorRunner: Launch command: "/home/gitpod/.sdkman/candidates/java/current/bin/java" "-cp" "/workspace/PysparkMongoAirflow/spark-3.1.1-bin-hadoop2.7/conf/:/workspace/PysparkMongoAirflow/spark-3.1.1-bin-hadoop2.7/jars/*" "-Xmx1024M" "-Dspark.driver.port=41015" "org.apache.spark.executor.CoarseGrainedExecutorBackend" "--driver-url" "spark://CoarseGrainedScheduler@10.0.2.100:41015" "--executor-id" "0" "--hostname" "10.0.2.100" "--cores" "1" "--app-id" "app-20220303044005-0008" "--worker-url" "spark://Worker@10.0.2.100:46045"
22/03/03 04:40:27 INFO Worker: Asked to kill executor app-20220303044005-0008/0
22/03/03 04:40:27 INFO ExecutorRunner: Runner thread for executor app-20220303044005-0008/0 interrupted
22/03/03 04:40:27 INFO ExecutorRunner: Killing process!
22/03/03 04:40:27 INFO Worker: Executor app-20220303044005-0008/0 finished with state KILLED exitStatus 143
22/03/03 04:40:27 INFO ExternalShuffleBlockResolver: Clean up non-shuffle and non-RDD files associated with the finished executor 0
22/03/03 04:40:27 INFO ExternalShuffleBlockResolver: Executor is not registered (appId=app-20220303044005-0008, execId=0)
22/03/03 04:40:27 INFO ExternalShuffleBlockResolver: Application app-20220303044005-0008 removed, cleanupLocalDirs = true
22/03/03 04:40:27 INFO Worker: Cleaning up local directories for application app-20220303044005-0008
22/03/03 04:40:34 INFO Worker: Asked to launch executor app-20220303044034-0009/0 for activity
22/03/03 04:40:34 INFO SecurityManager: Changing view acls to: gitpod
22/03/03 04:40:34 INFO SecurityManager: Changing modify acls to: gitpod
22/03/03 04:40:34 INFO SecurityManager: Changing view acls groups to: 
22/03/03 04:40:34 INFO SecurityManager: Changing modify acls groups to: 
22/03/03 04:40:34 INFO SecurityManager: SecurityManager: authentication disabled; ui acls disabled; users  with view permissions: Set(gitpod); groups with view permissions: Set(); users  with modify permissions: Set(gitpod); groups with modify permissions: Set()
22/03/03 04:40:34 INFO ExecutorRunner: Launch command: "/home/gitpod/.sdkman/candidates/java/current/bin/java" "-cp" "/workspace/PysparkMongoAirflow/spark-3.1.1-bin-hadoop2.7/conf/:/workspace/PysparkMongoAirflow/spark-3.1.1-bin-hadoop2.7/jars/*" "-Xmx1024M" "-Dspark.driver.port=37391" "org.apache.spark.executor.CoarseGrainedExecutorBackend" "--driver-url" "spark://CoarseGrainedScheduler@10.0.2.100:37391" "--executor-id" "0" "--hostname" "10.0.2.100" "--cores" "1" "--app-id" "app-20220303044034-0009" "--worker-url" "spark://Worker@10.0.2.100:46045"
22/03/03 04:41:03 INFO Worker: Asked to kill executor app-20220303044034-0009/0
22/03/03 04:41:03 INFO ExecutorRunner: Runner thread for executor app-20220303044034-0009/0 interrupted
22/03/03 04:41:03 INFO ExecutorRunner: Killing process!
22/03/03 04:41:04 INFO Worker: Executor app-20220303044034-0009/0 finished with state KILLED exitStatus 143
22/03/03 04:41:04 INFO ExternalShuffleBlockResolver: Clean up non-shuffle and non-RDD files associated with the finished executor 0
22/03/03 04:41:04 INFO ExternalShuffleBlockResolver: Executor is not registered (appId=app-20220303044034-0009, execId=0)
22/03/03 04:41:04 INFO Worker: Cleaning up local directories for application app-20220303044034-0009
22/03/03 04:41:04 INFO ExternalShuffleBlockResolver: Application app-20220303044034-0009 removed, cleanupLocalDirs = true
22/03/03 04:41:10 INFO Worker: Asked to launch executor app-20220303044109-0010/0 for promotion
22/03/03 04:41:10 INFO SecurityManager: Changing view acls to: gitpod
22/03/03 04:41:10 INFO SecurityManager: Changing modify acls to: gitpod
22/03/03 04:41:10 INFO SecurityManager: Changing view acls groups to: 
22/03/03 04:41:10 INFO SecurityManager: Changing modify acls groups to: 
22/03/03 04:41:10 INFO SecurityManager: SecurityManager: authentication disabled; ui acls disabled; users  with view permissions: Set(gitpod); groups with view permissions: Set(); users  with modify permissions: Set(gitpod); groups with modify permissions: Set()
22/03/03 04:41:10 INFO ExecutorRunner: Launch command: "/home/gitpod/.sdkman/candidates/java/current/bin/java" "-cp" "/workspace/PysparkMongoAirflow/spark-3.1.1-bin-hadoop2.7/conf/:/workspace/PysparkMongoAirflow/spark-3.1.1-bin-hadoop2.7/jars/*" "-Xmx1024M" "-Dspark.driver.port=37601" "org.apache.spark.executor.CoarseGrainedExecutorBackend" "--driver-url" "spark://CoarseGrainedScheduler@10.0.2.100:37601" "--executor-id" "0" "--hostname" "10.0.2.100" "--cores" "1" "--app-id" "app-20220303044109-0010" "--worker-url" "spark://Worker@10.0.2.100:46045"
22/03/03 04:41:34 INFO Worker: Asked to kill executor app-20220303044109-0010/0
22/03/03 04:41:34 INFO ExecutorRunner: Runner thread for executor app-20220303044109-0010/0 interrupted
22/03/03 04:41:34 INFO ExecutorRunner: Killing process!
22/03/03 04:41:35 INFO Worker: Executor app-20220303044109-0010/0 finished with state KILLED exitStatus 143
22/03/03 04:41:35 INFO ExternalShuffleBlockResolver: Clean up non-shuffle and non-RDD files associated with the finished executor 0
22/03/03 04:41:35 INFO ExternalShuffleBlockResolver: Executor is not registered (appId=app-20220303044109-0010, execId=0)
22/03/03 04:41:35 INFO ExternalShuffleBlockResolver: Application app-20220303044109-0010 removed, cleanupLocalDirs = true
22/03/03 04:41:35 INFO Worker: Cleaning up local directories for application app-20220303044109-0010
22/03/03 04:57:26 INFO Worker: Asked to launch executor app-20220303045726-0011/0 for pyspark-notebook2
22/03/03 04:57:26 INFO SecurityManager: Changing view acls to: gitpod
22/03/03 04:57:26 INFO SecurityManager: Changing modify acls to: gitpod
22/03/03 04:57:26 INFO SecurityManager: Changing view acls groups to: 
22/03/03 04:57:26 INFO SecurityManager: Changing modify acls groups to: 
22/03/03 04:57:26 INFO SecurityManager: SecurityManager: authentication disabled; ui acls disabled; users  with view permissions: Set(gitpod); groups with view permissions: Set(); users  with modify permissions: Set(gitpod); groups with modify permissions: Set()
22/03/03 04:57:26 INFO ExecutorRunner: Launch command: "/home/gitpod/.sdkman/candidates/java/current/bin/java" "-cp" "/workspace/PysparkMongoAirflow/spark-3.1.1-bin-hadoop2.7/conf/:/workspace/PysparkMongoAirflow/spark-3.1.1-bin-hadoop2.7/jars/*" "-Xmx1024M" "-Dspark.driver.port=40015" "org.apache.spark.executor.CoarseGrainedExecutorBackend" "--driver-url" "spark://CoarseGrainedScheduler@10.0.2.100:40015" "--executor-id" "0" "--hostname" "10.0.2.100" "--cores" "1" "--app-id" "app-20220303045726-0011" "--worker-url" "spark://Worker@10.0.2.100:46045"
22/03/03 04:57:57 INFO Worker: Asked to kill executor app-20220303045726-0011/0
22/03/03 04:57:57 INFO ExecutorRunner: Runner thread for executor app-20220303045726-0011/0 interrupted
22/03/03 04:57:57 INFO ExecutorRunner: Killing process!
22/03/03 04:57:57 INFO Worker: Executor app-20220303045726-0011/0 finished with state KILLED exitStatus 143
22/03/03 04:57:57 INFO ExternalShuffleBlockResolver: Clean up non-shuffle and non-RDD files associated with the finished executor 0
22/03/03 04:57:57 INFO ExternalShuffleBlockResolver: Executor is not registered (appId=app-20220303045726-0011, execId=0)
22/03/03 04:57:57 INFO ExternalShuffleBlockResolver: Application app-20220303045726-0011 removed, cleanupLocalDirs = true
22/03/03 04:57:57 INFO Worker: Cleaning up local directories for application app-20220303045726-0011
22/03/03 04:58:03 INFO Worker: Asked to launch executor app-20220303045803-0012/0 for activity
22/03/03 04:58:03 INFO SecurityManager: Changing view acls to: gitpod
22/03/03 04:58:03 INFO SecurityManager: Changing modify acls to: gitpod
22/03/03 04:58:03 INFO SecurityManager: Changing view acls groups to: 
22/03/03 04:58:03 INFO SecurityManager: Changing modify acls groups to: 
22/03/03 04:58:03 INFO SecurityManager: SecurityManager: authentication disabled; ui acls disabled; users  with view permissions: Set(gitpod); groups with view permissions: Set(); users  with modify permissions: Set(gitpod); groups with modify permissions: Set()
22/03/03 04:58:03 INFO ExecutorRunner: Launch command: "/home/gitpod/.sdkman/candidates/java/current/bin/java" "-cp" "/workspace/PysparkMongoAirflow/spark-3.1.1-bin-hadoop2.7/conf/:/workspace/PysparkMongoAirflow/spark-3.1.1-bin-hadoop2.7/jars/*" "-Xmx1024M" "-Dspark.driver.port=43773" "org.apache.spark.executor.CoarseGrainedExecutorBackend" "--driver-url" "spark://CoarseGrainedScheduler@10.0.2.100:43773" "--executor-id" "0" "--hostname" "10.0.2.100" "--cores" "1" "--app-id" "app-20220303045803-0012" "--worker-url" "spark://Worker@10.0.2.100:46045"
22/03/03 04:58:27 INFO Worker: Asked to kill executor app-20220303045803-0012/0
22/03/03 04:58:27 INFO ExecutorRunner: Runner thread for executor app-20220303045803-0012/0 interrupted
22/03/03 04:58:27 INFO ExecutorRunner: Killing process!
22/03/03 04:58:28 INFO Worker: Executor app-20220303045803-0012/0 finished with state KILLED exitStatus 143
22/03/03 04:58:28 INFO ExternalShuffleBlockResolver: Clean up non-shuffle and non-RDD files associated with the finished executor 0
22/03/03 04:58:28 INFO ExternalShuffleBlockResolver: Executor is not registered (appId=app-20220303045803-0012, execId=0)
22/03/03 04:58:28 INFO ExternalShuffleBlockResolver: Application app-20220303045803-0012 removed, cleanupLocalDirs = true
22/03/03 04:58:28 INFO Worker: Cleaning up local directories for application app-20220303045803-0012
22/03/03 04:58:32 INFO Worker: Asked to launch executor app-20220303045832-0013/0 for promotion
22/03/03 04:58:32 INFO SecurityManager: Changing view acls to: gitpod
22/03/03 04:58:32 INFO SecurityManager: Changing modify acls to: gitpod
22/03/03 04:58:32 INFO SecurityManager: Changing view acls groups to: 
22/03/03 04:58:32 INFO SecurityManager: Changing modify acls groups to: 
22/03/03 04:58:32 INFO SecurityManager: SecurityManager: authentication disabled; ui acls disabled; users  with view permissions: Set(gitpod); groups with view permissions: Set(); users  with modify permissions: Set(gitpod); groups with modify permissions: Set()
22/03/03 04:58:32 INFO ExecutorRunner: Launch command: "/home/gitpod/.sdkman/candidates/java/current/bin/java" "-cp" "/workspace/PysparkMongoAirflow/spark-3.1.1-bin-hadoop2.7/conf/:/workspace/PysparkMongoAirflow/spark-3.1.1-bin-hadoop2.7/jars/*" "-Xmx1024M" "-Dspark.driver.port=44155" "org.apache.spark.executor.CoarseGrainedExecutorBackend" "--driver-url" "spark://CoarseGrainedScheduler@10.0.2.100:44155" "--executor-id" "0" "--hostname" "10.0.2.100" "--cores" "1" "--app-id" "app-20220303045832-0013" "--worker-url" "spark://Worker@10.0.2.100:46045"
22/03/03 04:58:57 INFO Worker: Asked to kill executor app-20220303045832-0013/0
22/03/03 04:58:57 INFO ExecutorRunner: Runner thread for executor app-20220303045832-0013/0 interrupted
22/03/03 04:58:57 INFO ExecutorRunner: Killing process!
22/03/03 04:58:57 INFO Worker: Executor app-20220303045832-0013/0 finished with state KILLED exitStatus 143
22/03/03 04:58:57 INFO ExternalShuffleBlockResolver: Clean up non-shuffle and non-RDD files associated with the finished executor 0
22/03/03 04:58:57 INFO ExternalShuffleBlockResolver: Executor is not registered (appId=app-20220303045832-0013, execId=0)
22/03/03 04:58:57 INFO ExternalShuffleBlockResolver: Application app-20220303045832-0013 removed, cleanupLocalDirs = true
22/03/03 04:58:57 INFO Worker: Cleaning up local directories for application app-20220303045832-0013
