Picked up JAVA_TOOL_OPTIONS:  -Xmx3435m
Spark Command: /home/gitpod/.sdkman/candidates/java/current/bin/java -cp /workspace/PysparkMongoAirflow/spark-3.1.1-bin-hadoop2.7/conf/:/workspace/PysparkMongoAirflow/spark-3.1.1-bin-hadoop2.7/jars/* -Xmx1g org.apache.spark.deploy.worker.Worker --webui-port 8081 spark://giangtpham-pysparkmongoa-egvymj8vxl1:7077
========================================
Picked up JAVA_TOOL_OPTIONS:  -Xmx3435m
Using Spark's default log4j profile: org/apache/spark/log4j-defaults.properties
22/03/03 07:55:19 INFO Worker: Started daemon with process name: 6911@giangtpham-pysparkmongoa-egvymj8vxl1
22/03/03 07:55:19 INFO SignalUtils: Registering signal handler for TERM
22/03/03 07:55:19 INFO SignalUtils: Registering signal handler for HUP
22/03/03 07:55:19 INFO SignalUtils: Registering signal handler for INT
22/03/03 07:55:19 WARN Utils: Your hostname, giangtpham-pysparkmongoa-egvymj8vxl1 resolves to a loopback address: 127.0.0.1; using 10.0.2.100 instead (on interface tap0)
22/03/03 07:55:19 WARN Utils: Set SPARK_LOCAL_IP if you need to bind to another address
WARNING: An illegal reflective access operation has occurred
WARNING: Illegal reflective access by org.apache.spark.unsafe.Platform (file:/workspace/PysparkMongoAirflow/spark-3.1.1-bin-hadoop2.7/jars/spark-unsafe_2.12-3.1.1.jar) to constructor java.nio.DirectByteBuffer(long,int)
WARNING: Please consider reporting this to the maintainers of org.apache.spark.unsafe.Platform
WARNING: Use --illegal-access=warn to enable warnings of further illegal reflective access operations
WARNING: All illegal access operations will be denied in a future release
22/03/03 07:55:19 WARN NativeCodeLoader: Unable to load native-hadoop library for your platform... using builtin-java classes where applicable
22/03/03 07:55:19 INFO SecurityManager: Changing view acls to: gitpod
22/03/03 07:55:19 INFO SecurityManager: Changing modify acls to: gitpod
22/03/03 07:55:19 INFO SecurityManager: Changing view acls groups to: 
22/03/03 07:55:19 INFO SecurityManager: Changing modify acls groups to: 
22/03/03 07:55:19 INFO SecurityManager: SecurityManager: authentication disabled; ui acls disabled; users  with view permissions: Set(gitpod); groups with view permissions: Set(); users  with modify permissions: Set(gitpod); groups with modify permissions: Set()
22/03/03 07:55:20 INFO Utils: Successfully started service 'sparkWorker' on port 46281.
22/03/03 07:55:20 INFO Worker: Worker decommissioning not enabled, SIGPWR will result in exiting.
22/03/03 07:55:20 INFO Worker: Starting Spark worker 10.0.2.100:46281 with 1 cores, 1024.0 MiB RAM
22/03/03 07:55:20 INFO Worker: Running Spark version 3.1.1
22/03/03 07:55:20 INFO Worker: Spark home: /workspace/PysparkMongoAirflow/spark-3.1.1-bin-hadoop2.7
22/03/03 07:55:20 INFO ResourceUtils: ==============================================================
22/03/03 07:55:20 INFO ResourceUtils: No custom resources configured for spark.worker.
22/03/03 07:55:20 INFO ResourceUtils: ==============================================================
22/03/03 07:55:20 INFO Utils: Successfully started service 'WorkerUI' on port 8081.
22/03/03 07:55:21 INFO WorkerWebUI: Bound WorkerWebUI to 0.0.0.0, and started at http://10.0.2.100:8081
22/03/03 07:55:21 INFO Worker: Connecting to master giangtpham-pysparkmongoa-egvymj8vxl1:7077...
22/03/03 07:55:21 INFO TransportClientFactory: Successfully created connection to giangtpham-pysparkmongoa-egvymj8vxl1/127.0.0.1:7077 after 55 ms (0 ms spent in bootstraps)
22/03/03 07:55:21 INFO Worker: Successfully registered with master spark://giangtpham-pysparkmongoa-egvymj8vxl1:7077
22/03/03 10:09:34 INFO Worker: Master with url spark://giangtpham-pysparkmongoa-egvymj8vxl1:7077 requested this worker to reconnect.
22/03/03 10:09:34 INFO Worker: Master with url spark://giangtpham-pysparkmongoa-egvymj8vxl1:7077 requested this worker to reconnect.
22/03/03 10:09:34 INFO Worker: Not spawning another attempt to register with the master, since there is an attempt scheduled already.
22/03/03 10:09:34 INFO Worker: Master with url spark://giangtpham-pysparkmongoa-egvymj8vxl1:7077 requested this worker to reconnect.
22/03/03 10:09:34 INFO Worker: Not spawning another attempt to register with the master, since there is an attempt scheduled already.
22/03/03 10:09:34 INFO Worker: Connecting to master giangtpham-pysparkmongoa-egvymj8vxl1:7077...
22/03/03 10:09:34 INFO Worker: Master with url spark://giangtpham-pysparkmongoa-egvymj8vxl1:7077 requested this worker to reconnect.
22/03/03 10:09:34 INFO Worker: Not spawning another attempt to register with the master, since there is an attempt scheduled already.
22/03/03 10:09:34 INFO Worker: Master with url spark://giangtpham-pysparkmongoa-egvymj8vxl1:7077 requested this worker to reconnect.
22/03/03 10:09:34 INFO Worker: Not spawning another attempt to register with the master, since there is an attempt scheduled already.
22/03/03 10:09:34 INFO Worker: Master with url spark://giangtpham-pysparkmongoa-egvymj8vxl1:7077 requested this worker to reconnect.
22/03/03 10:09:34 INFO Worker: Not spawning another attempt to register with the master, since there is an attempt scheduled already.
22/03/03 10:09:35 INFO Worker: Master with url spark://giangtpham-pysparkmongoa-egvymj8vxl1:7077 requested this worker to reconnect.
22/03/03 10:09:35 INFO Worker: Not spawning another attempt to register with the master, since there is an attempt scheduled already.
22/03/03 10:09:35 INFO Worker: Master with url spark://giangtpham-pysparkmongoa-egvymj8vxl1:7077 requested this worker to reconnect.
22/03/03 10:09:35 INFO Worker: Not spawning another attempt to register with the master, since there is an attempt scheduled already.
22/03/03 10:09:35 INFO Worker: Master with url spark://giangtpham-pysparkmongoa-egvymj8vxl1:7077 requested this worker to reconnect.
22/03/03 10:09:35 INFO Worker: Not spawning another attempt to register with the master, since there is an attempt scheduled already.
22/03/03 10:09:35 INFO Worker: Master with url spark://giangtpham-pysparkmongoa-egvymj8vxl1:7077 requested this worker to reconnect.
22/03/03 10:09:35 INFO Worker: Not spawning another attempt to register with the master, since there is an attempt scheduled already.
22/03/03 10:09:35 INFO Worker: Master with url spark://giangtpham-pysparkmongoa-egvymj8vxl1:7077 requested this worker to reconnect.
22/03/03 10:09:35 INFO Worker: Not spawning another attempt to register with the master, since there is an attempt scheduled already.
22/03/03 10:09:35 INFO Worker: Master with url spark://giangtpham-pysparkmongoa-egvymj8vxl1:7077 requested this worker to reconnect.
22/03/03 10:09:35 INFO Worker: Not spawning another attempt to register with the master, since there is an attempt scheduled already.
22/03/03 10:09:35 INFO Worker: Master with url spark://giangtpham-pysparkmongoa-egvymj8vxl1:7077 requested this worker to reconnect.
22/03/03 10:09:35 INFO Worker: Not spawning another attempt to register with the master, since there is an attempt scheduled already.
22/03/03 10:09:35 INFO Worker: Master with url spark://giangtpham-pysparkmongoa-egvymj8vxl1:7077 requested this worker to reconnect.
22/03/03 10:09:35 INFO Worker: Not spawning another attempt to register with the master, since there is an attempt scheduled already.
22/03/03 10:09:35 INFO Worker: Successfully registered with master spark://giangtpham-pysparkmongoa-egvymj8vxl1:7077
22/03/03 10:13:00 INFO Worker: Master with url spark://giangtpham-pysparkmongoa-egvymj8vxl1:7077 requested this worker to reconnect.
22/03/03 10:13:00 INFO Worker: Master with url spark://giangtpham-pysparkmongoa-egvymj8vxl1:7077 requested this worker to reconnect.
22/03/03 10:13:00 INFO Worker: Not spawning another attempt to register with the master, since there is an attempt scheduled already.
22/03/03 10:13:00 INFO Worker: Master with url spark://giangtpham-pysparkmongoa-egvymj8vxl1:7077 requested this worker to reconnect.
22/03/03 10:13:00 INFO Worker: Not spawning another attempt to register with the master, since there is an attempt scheduled already.
22/03/03 10:13:00 INFO Worker: Master with url spark://giangtpham-pysparkmongoa-egvymj8vxl1:7077 requested this worker to reconnect.
22/03/03 10:13:00 INFO Worker: Not spawning another attempt to register with the master, since there is an attempt scheduled already.
22/03/03 10:13:00 INFO Worker: Master with url spark://giangtpham-pysparkmongoa-egvymj8vxl1:7077 requested this worker to reconnect.
22/03/03 10:13:00 INFO Worker: Not spawning another attempt to register with the master, since there is an attempt scheduled already.
22/03/03 10:13:00 INFO Worker: Master with url spark://giangtpham-pysparkmongoa-egvymj8vxl1:7077 requested this worker to reconnect.
22/03/03 10:13:00 INFO Worker: Not spawning another attempt to register with the master, since there is an attempt scheduled already.
22/03/03 10:13:00 INFO Worker: Master with url spark://giangtpham-pysparkmongoa-egvymj8vxl1:7077 requested this worker to reconnect.
22/03/03 10:13:00 INFO Worker: Not spawning another attempt to register with the master, since there is an attempt scheduled already.
22/03/03 10:13:00 INFO Worker: Master with url spark://giangtpham-pysparkmongoa-egvymj8vxl1:7077 requested this worker to reconnect.
22/03/03 10:13:00 INFO Worker: Not spawning another attempt to register with the master, since there is an attempt scheduled already.
22/03/03 10:13:00 INFO Worker: Master with url spark://giangtpham-pysparkmongoa-egvymj8vxl1:7077 requested this worker to reconnect.
22/03/03 10:13:00 INFO Worker: Not spawning another attempt to register with the master, since there is an attempt scheduled already.
22/03/03 10:13:00 INFO Worker: Master with url spark://giangtpham-pysparkmongoa-egvymj8vxl1:7077 requested this worker to reconnect.
22/03/03 10:13:00 INFO Worker: Not spawning another attempt to register with the master, since there is an attempt scheduled already.
22/03/03 10:13:00 INFO Worker: Master with url spark://giangtpham-pysparkmongoa-egvymj8vxl1:7077 requested this worker to reconnect.
22/03/03 10:13:00 INFO Worker: Not spawning another attempt to register with the master, since there is an attempt scheduled already.
22/03/03 10:13:00 INFO Worker: Master with url spark://giangtpham-pysparkmongoa-egvymj8vxl1:7077 requested this worker to reconnect.
22/03/03 10:13:00 INFO Worker: Not spawning another attempt to register with the master, since there is an attempt scheduled already.
22/03/03 10:13:00 INFO Worker: Connecting to master giangtpham-pysparkmongoa-egvymj8vxl1:7077...
22/03/03 10:13:00 INFO Worker: Successfully registered with master spark://giangtpham-pysparkmongoa-egvymj8vxl1:7077
