Picked up JAVA_TOOL_OPTIONS:  -Xmx3435m
Spark Command: /home/gitpod/.sdkman/candidates/java/current/bin/java -cp /workspace/PysparkMongoAirflow/spark-3.1.1-bin-hadoop2.7/conf/:/workspace/PysparkMongoAirflow/spark-3.1.1-bin-hadoop2.7/jars/* -Xmx1g org.apache.spark.deploy.worker.Worker --webui-port 8081 spark://giangtpham-pysparkmongoa-8e4ves7r5or:7077
========================================
Picked up JAVA_TOOL_OPTIONS:  -Xmx3435m
Using Spark's default log4j profile: org/apache/spark/log4j-defaults.properties
22/03/02 14:19:21 INFO Worker: Started daemon with process name: 2060@giangtpham-pysparkmongoa-8e4ves7r5or
22/03/02 14:19:21 INFO SignalUtils: Registering signal handler for TERM
22/03/02 14:19:21 INFO SignalUtils: Registering signal handler for HUP
22/03/02 14:19:21 INFO SignalUtils: Registering signal handler for INT
22/03/02 14:19:21 WARN Utils: Your hostname, giangtpham-pysparkmongoa-8e4ves7r5or resolves to a loopback address: 127.0.0.1; using 10.0.2.100 instead (on interface tap0)
22/03/02 14:19:21 WARN Utils: Set SPARK_LOCAL_IP if you need to bind to another address
WARNING: An illegal reflective access operation has occurred
WARNING: Illegal reflective access by org.apache.spark.unsafe.Platform (file:/workspace/PysparkMongoAirflow/spark-3.1.1-bin-hadoop2.7/jars/spark-unsafe_2.12-3.1.1.jar) to constructor java.nio.DirectByteBuffer(long,int)
WARNING: Please consider reporting this to the maintainers of org.apache.spark.unsafe.Platform
WARNING: Use --illegal-access=warn to enable warnings of further illegal reflective access operations
WARNING: All illegal access operations will be denied in a future release
22/03/02 14:19:22 WARN NativeCodeLoader: Unable to load native-hadoop library for your platform... using builtin-java classes where applicable
22/03/02 14:19:22 INFO SecurityManager: Changing view acls to: gitpod
22/03/02 14:19:22 INFO SecurityManager: Changing modify acls to: gitpod
22/03/02 14:19:22 INFO SecurityManager: Changing view acls groups to: 
22/03/02 14:19:22 INFO SecurityManager: Changing modify acls groups to: 
22/03/02 14:19:22 INFO SecurityManager: SecurityManager: authentication disabled; ui acls disabled; users  with view permissions: Set(gitpod); groups with view permissions: Set(); users  with modify permissions: Set(gitpod); groups with modify permissions: Set()
22/03/02 14:19:22 INFO Utils: Successfully started service 'sparkWorker' on port 42611.
22/03/02 14:19:22 INFO Worker: Worker decommissioning not enabled, SIGPWR will result in exiting.
22/03/02 14:19:22 INFO Worker: Starting Spark worker 10.0.2.100:42611 with 1 cores, 1024.0 MiB RAM
22/03/02 14:19:22 INFO Worker: Running Spark version 3.1.1
22/03/02 14:19:22 INFO Worker: Spark home: /workspace/PysparkMongoAirflow/spark-3.1.1-bin-hadoop2.7
22/03/02 14:19:22 INFO ResourceUtils: ==============================================================
22/03/02 14:19:22 INFO ResourceUtils: No custom resources configured for spark.worker.
22/03/02 14:19:22 INFO ResourceUtils: ==============================================================
22/03/02 14:19:23 INFO Utils: Successfully started service 'WorkerUI' on port 8081.
22/03/02 14:19:23 INFO WorkerWebUI: Bound WorkerWebUI to 0.0.0.0, and started at http://10.0.2.100:8081
22/03/02 14:19:23 INFO Worker: Connecting to master giangtpham-pysparkmongoa-8e4ves7r5or:7077...
22/03/02 14:19:23 INFO TransportClientFactory: Successfully created connection to giangtpham-pysparkmongoa-8e4ves7r5or/127.0.0.1:7077 after 39 ms (0 ms spent in bootstraps)
22/03/02 14:19:23 INFO Worker: Successfully registered with master spark://giangtpham-pysparkmongoa-8e4ves7r5or:7077
22/03/02 14:22:13 INFO Worker: Asked to launch executor app-20220302142213-0000/0 for pyspark-notebook2
22/03/02 14:22:13 INFO SecurityManager: Changing view acls to: gitpod
22/03/02 14:22:13 INFO SecurityManager: Changing modify acls to: gitpod
22/03/02 14:22:13 INFO SecurityManager: Changing view acls groups to: 
22/03/02 14:22:13 INFO SecurityManager: Changing modify acls groups to: 
22/03/02 14:22:13 INFO SecurityManager: SecurityManager: authentication disabled; ui acls disabled; users  with view permissions: Set(gitpod); groups with view permissions: Set(); users  with modify permissions: Set(gitpod); groups with modify permissions: Set()
22/03/02 14:22:13 INFO ExecutorRunner: Launch command: "/home/gitpod/.sdkman/candidates/java/current/bin/java" "-cp" "/workspace/PysparkMongoAirflow/spark-3.1.1-bin-hadoop2.7/conf/:/workspace/PysparkMongoAirflow/spark-3.1.1-bin-hadoop2.7/jars/*" "-Xmx1024M" "-Dspark.driver.port=36661" "org.apache.spark.executor.CoarseGrainedExecutorBackend" "--driver-url" "spark://CoarseGrainedScheduler@10.0.2.100:36661" "--executor-id" "0" "--hostname" "10.0.2.100" "--cores" "1" "--app-id" "app-20220302142213-0000" "--worker-url" "spark://Worker@10.0.2.100:42611"
22/03/02 14:22:19 INFO Worker: Asked to kill executor app-20220302142213-0000/0
22/03/02 14:22:19 INFO ExecutorRunner: Runner thread for executor app-20220302142213-0000/0 interrupted
22/03/02 14:22:19 INFO ExecutorRunner: Killing process!
22/03/02 14:22:19 INFO Worker: Executor app-20220302142213-0000/0 finished with state KILLED exitStatus 0
22/03/02 14:22:19 INFO ExternalShuffleBlockResolver: Clean up non-shuffle and non-RDD files associated with the finished executor 0
22/03/02 14:22:19 INFO ExternalShuffleBlockResolver: Executor is not registered (appId=app-20220302142213-0000, execId=0)
22/03/02 14:22:19 INFO ExternalShuffleBlockResolver: Application app-20220302142213-0000 removed, cleanupLocalDirs = true
22/03/02 14:22:19 INFO Worker: Cleaning up local directories for application app-20220302142213-0000
22/03/02 14:25:16 INFO Worker: Asked to launch executor app-20220302142516-0001/0 for pyspark-notebook2
22/03/02 14:25:16 INFO SecurityManager: Changing view acls to: gitpod
22/03/02 14:25:16 INFO SecurityManager: Changing modify acls to: gitpod
22/03/02 14:25:16 INFO SecurityManager: Changing view acls groups to: 
22/03/02 14:25:16 INFO SecurityManager: Changing modify acls groups to: 
22/03/02 14:25:16 INFO SecurityManager: SecurityManager: authentication disabled; ui acls disabled; users  with view permissions: Set(gitpod); groups with view permissions: Set(); users  with modify permissions: Set(gitpod); groups with modify permissions: Set()
22/03/02 14:25:16 INFO ExecutorRunner: Launch command: "/home/gitpod/.sdkman/candidates/java/current/bin/java" "-cp" "/workspace/PysparkMongoAirflow/spark-3.1.1-bin-hadoop2.7/conf/:/workspace/PysparkMongoAirflow/spark-3.1.1-bin-hadoop2.7/jars/*" "-Xmx1024M" "-Dspark.driver.port=38881" "org.apache.spark.executor.CoarseGrainedExecutorBackend" "--driver-url" "spark://CoarseGrainedScheduler@10.0.2.100:38881" "--executor-id" "0" "--hostname" "10.0.2.100" "--cores" "1" "--app-id" "app-20220302142516-0001" "--worker-url" "spark://Worker@10.0.2.100:42611"
22/03/02 14:25:18 INFO Worker: Asked to kill executor app-20220302142516-0001/0
22/03/02 14:25:18 INFO ExecutorRunner: Runner thread for executor app-20220302142516-0001/0 interrupted
22/03/02 14:25:18 INFO ExecutorRunner: Killing process!
22/03/02 14:25:18 INFO Worker: Executor app-20220302142516-0001/0 finished with state KILLED exitStatus 143
22/03/02 14:25:18 INFO ExternalShuffleBlockResolver: Clean up non-shuffle and non-RDD files associated with the finished executor 0
22/03/02 14:25:18 INFO ExternalShuffleBlockResolver: Executor is not registered (appId=app-20220302142516-0001, execId=0)
22/03/02 14:25:18 INFO ExternalShuffleBlockResolver: Application app-20220302142516-0001 removed, cleanupLocalDirs = true
22/03/02 14:25:18 INFO Worker: Cleaning up local directories for application app-20220302142516-0001
22/03/02 14:27:56 INFO Worker: Asked to launch executor app-20220302142756-0002/0 for pyspark-notebook2
22/03/02 14:27:56 INFO SecurityManager: Changing view acls to: gitpod
22/03/02 14:27:56 INFO SecurityManager: Changing modify acls to: gitpod
22/03/02 14:27:56 INFO SecurityManager: Changing view acls groups to: 
22/03/02 14:27:56 INFO SecurityManager: Changing modify acls groups to: 
22/03/02 14:27:56 INFO SecurityManager: SecurityManager: authentication disabled; ui acls disabled; users  with view permissions: Set(gitpod); groups with view permissions: Set(); users  with modify permissions: Set(gitpod); groups with modify permissions: Set()
22/03/02 14:27:56 INFO ExecutorRunner: Launch command: "/home/gitpod/.sdkman/candidates/java/current/bin/java" "-cp" "/workspace/PysparkMongoAirflow/spark-3.1.1-bin-hadoop2.7/conf/:/workspace/PysparkMongoAirflow/spark-3.1.1-bin-hadoop2.7/jars/*" "-Xmx1024M" "-Dspark.driver.port=41695" "org.apache.spark.executor.CoarseGrainedExecutorBackend" "--driver-url" "spark://CoarseGrainedScheduler@10.0.2.100:41695" "--executor-id" "0" "--hostname" "10.0.2.100" "--cores" "1" "--app-id" "app-20220302142756-0002" "--worker-url" "spark://Worker@10.0.2.100:42611"
22/03/02 14:28:03 INFO Worker: Asked to kill executor app-20220302142756-0002/0
22/03/02 14:28:03 INFO ExecutorRunner: Runner thread for executor app-20220302142756-0002/0 interrupted
22/03/02 14:28:03 INFO ExecutorRunner: Killing process!
22/03/02 14:28:03 INFO Worker: Executor app-20220302142756-0002/0 finished with state KILLED exitStatus 143
22/03/02 14:28:03 INFO ExternalShuffleBlockResolver: Clean up non-shuffle and non-RDD files associated with the finished executor 0
22/03/02 14:28:03 INFO ExternalShuffleBlockResolver: Executor is not registered (appId=app-20220302142756-0002, execId=0)
22/03/02 14:28:03 INFO ExternalShuffleBlockResolver: Application app-20220302142756-0002 removed, cleanupLocalDirs = true
22/03/02 14:28:03 INFO Worker: Cleaning up local directories for application app-20220302142756-0002
22/03/02 14:36:31 INFO Worker: Asked to launch executor app-20220302143631-0003/0 for pyspark-notebook2
22/03/02 14:36:31 INFO SecurityManager: Changing view acls to: gitpod
22/03/02 14:36:31 INFO SecurityManager: Changing modify acls to: gitpod
22/03/02 14:36:31 INFO SecurityManager: Changing view acls groups to: 
22/03/02 14:36:31 INFO SecurityManager: Changing modify acls groups to: 
22/03/02 14:36:31 INFO SecurityManager: SecurityManager: authentication disabled; ui acls disabled; users  with view permissions: Set(gitpod); groups with view permissions: Set(); users  with modify permissions: Set(gitpod); groups with modify permissions: Set()
22/03/02 14:36:31 INFO ExecutorRunner: Launch command: "/home/gitpod/.sdkman/candidates/java/current/bin/java" "-cp" "/workspace/PysparkMongoAirflow/spark-3.1.1-bin-hadoop2.7/conf/:/workspace/PysparkMongoAirflow/spark-3.1.1-bin-hadoop2.7/jars/*" "-Xmx1024M" "-Dspark.driver.port=37079" "org.apache.spark.executor.CoarseGrainedExecutorBackend" "--driver-url" "spark://CoarseGrainedScheduler@10.0.2.100:37079" "--executor-id" "0" "--hostname" "10.0.2.100" "--cores" "1" "--app-id" "app-20220302143631-0003" "--worker-url" "spark://Worker@10.0.2.100:42611"
22/03/02 14:36:37 INFO Worker: Asked to kill executor app-20220302143631-0003/0
22/03/02 14:36:37 INFO ExecutorRunner: Runner thread for executor app-20220302143631-0003/0 interrupted
22/03/02 14:36:37 INFO ExecutorRunner: Killing process!
22/03/02 14:36:37 INFO Worker: Executor app-20220302143631-0003/0 finished with state KILLED exitStatus 143
22/03/02 14:36:37 INFO ExternalShuffleBlockResolver: Clean up non-shuffle and non-RDD files associated with the finished executor 0
22/03/02 14:36:37 INFO ExternalShuffleBlockResolver: Executor is not registered (appId=app-20220302143631-0003, execId=0)
22/03/02 14:36:37 INFO ExternalShuffleBlockResolver: Application app-20220302143631-0003 removed, cleanupLocalDirs = true
22/03/02 14:36:37 INFO Worker: Cleaning up local directories for application app-20220302143631-0003
22/03/02 14:40:26 INFO Worker: Asked to launch executor app-20220302144026-0004/0 for pyspark-notebook2
22/03/02 14:40:26 INFO SecurityManager: Changing view acls to: gitpod
22/03/02 14:40:26 INFO SecurityManager: Changing modify acls to: gitpod
22/03/02 14:40:26 INFO SecurityManager: Changing view acls groups to: 
22/03/02 14:40:26 INFO SecurityManager: Changing modify acls groups to: 
22/03/02 14:40:26 INFO SecurityManager: SecurityManager: authentication disabled; ui acls disabled; users  with view permissions: Set(gitpod); groups with view permissions: Set(); users  with modify permissions: Set(gitpod); groups with modify permissions: Set()
22/03/02 14:40:26 INFO ExecutorRunner: Launch command: "/home/gitpod/.sdkman/candidates/java/current/bin/java" "-cp" "/workspace/PysparkMongoAirflow/spark-3.1.1-bin-hadoop2.7/conf/:/workspace/PysparkMongoAirflow/spark-3.1.1-bin-hadoop2.7/jars/*" "-Xmx1024M" "-Dspark.driver.port=36715" "org.apache.spark.executor.CoarseGrainedExecutorBackend" "--driver-url" "spark://CoarseGrainedScheduler@10.0.2.100:36715" "--executor-id" "0" "--hostname" "10.0.2.100" "--cores" "1" "--app-id" "app-20220302144026-0004" "--worker-url" "spark://Worker@10.0.2.100:42611"
22/03/02 14:40:32 INFO Worker: Asked to kill executor app-20220302144026-0004/0
22/03/02 14:40:32 INFO ExecutorRunner: Runner thread for executor app-20220302144026-0004/0 interrupted
22/03/02 14:40:32 INFO ExecutorRunner: Killing process!
22/03/02 14:40:32 INFO Worker: Executor app-20220302144026-0004/0 finished with state KILLED exitStatus 143
22/03/02 14:40:32 INFO ExternalShuffleBlockResolver: Clean up non-shuffle and non-RDD files associated with the finished executor 0
22/03/02 14:40:32 INFO ExternalShuffleBlockResolver: Executor is not registered (appId=app-20220302144026-0004, execId=0)
22/03/02 14:40:32 INFO ExternalShuffleBlockResolver: Application app-20220302144026-0004 removed, cleanupLocalDirs = true
22/03/02 14:40:32 INFO Worker: Cleaning up local directories for application app-20220302144026-0004
22/03/02 14:50:01 INFO Worker: Asked to launch executor app-20220302145001-0005/0 for pyspark-notebook2
22/03/02 14:50:01 INFO SecurityManager: Changing view acls to: gitpod
22/03/02 14:50:01 INFO SecurityManager: Changing modify acls to: gitpod
22/03/02 14:50:01 INFO SecurityManager: Changing view acls groups to: 
22/03/02 14:50:01 INFO SecurityManager: Changing modify acls groups to: 
22/03/02 14:50:01 INFO SecurityManager: SecurityManager: authentication disabled; ui acls disabled; users  with view permissions: Set(gitpod); groups with view permissions: Set(); users  with modify permissions: Set(gitpod); groups with modify permissions: Set()
22/03/02 14:50:01 INFO ExecutorRunner: Launch command: "/home/gitpod/.sdkman/candidates/java/current/bin/java" "-cp" "/workspace/PysparkMongoAirflow/spark-3.1.1-bin-hadoop2.7/conf/:/workspace/PysparkMongoAirflow/spark-3.1.1-bin-hadoop2.7/jars/*" "-Xmx1024M" "-Dspark.driver.port=35267" "org.apache.spark.executor.CoarseGrainedExecutorBackend" "--driver-url" "spark://CoarseGrainedScheduler@10.0.2.100:35267" "--executor-id" "0" "--hostname" "10.0.2.100" "--cores" "1" "--app-id" "app-20220302145001-0005" "--worker-url" "spark://Worker@10.0.2.100:42611"
22/03/02 14:50:32 INFO Worker: Asked to kill executor app-20220302145001-0005/0
22/03/02 14:50:32 INFO ExecutorRunner: Runner thread for executor app-20220302145001-0005/0 interrupted
22/03/02 14:50:32 INFO ExecutorRunner: Killing process!
22/03/02 14:50:32 INFO Worker: Executor app-20220302145001-0005/0 finished with state KILLED exitStatus 143
22/03/02 14:50:32 INFO ExternalShuffleBlockResolver: Clean up non-shuffle and non-RDD files associated with the finished executor 0
22/03/02 14:50:32 INFO ExternalShuffleBlockResolver: Executor is not registered (appId=app-20220302145001-0005, execId=0)
22/03/02 14:50:32 INFO ExternalShuffleBlockResolver: Application app-20220302145001-0005 removed, cleanupLocalDirs = true
22/03/02 14:50:32 INFO Worker: Cleaning up local directories for application app-20220302145001-0005
22/03/02 14:52:25 INFO Worker: Asked to launch executor app-20220302145225-0006/0 for pyspark-notebook2
22/03/02 14:52:25 INFO SecurityManager: Changing view acls to: gitpod
22/03/02 14:52:25 INFO SecurityManager: Changing modify acls to: gitpod
22/03/02 14:52:25 INFO SecurityManager: Changing view acls groups to: 
22/03/02 14:52:25 INFO SecurityManager: Changing modify acls groups to: 
22/03/02 14:52:25 INFO SecurityManager: SecurityManager: authentication disabled; ui acls disabled; users  with view permissions: Set(gitpod); groups with view permissions: Set(); users  with modify permissions: Set(gitpod); groups with modify permissions: Set()
22/03/02 14:52:25 INFO ExecutorRunner: Launch command: "/home/gitpod/.sdkman/candidates/java/current/bin/java" "-cp" "/workspace/PysparkMongoAirflow/spark-3.1.1-bin-hadoop2.7/conf/:/workspace/PysparkMongoAirflow/spark-3.1.1-bin-hadoop2.7/jars/*" "-Xmx1024M" "-Dspark.driver.port=38941" "org.apache.spark.executor.CoarseGrainedExecutorBackend" "--driver-url" "spark://CoarseGrainedScheduler@10.0.2.100:38941" "--executor-id" "0" "--hostname" "10.0.2.100" "--cores" "1" "--app-id" "app-20220302145225-0006" "--worker-url" "spark://Worker@10.0.2.100:42611"
22/03/02 14:52:31 INFO Worker: Asked to kill executor app-20220302145225-0006/0
22/03/02 14:52:31 INFO ExecutorRunner: Runner thread for executor app-20220302145225-0006/0 interrupted
22/03/02 14:52:31 INFO ExecutorRunner: Killing process!
22/03/02 14:52:31 INFO Worker: Executor app-20220302145225-0006/0 finished with state KILLED exitStatus 143
22/03/02 14:52:31 INFO ExternalShuffleBlockResolver: Clean up non-shuffle and non-RDD files associated with the finished executor 0
22/03/02 14:52:31 INFO ExternalShuffleBlockResolver: Executor is not registered (appId=app-20220302145225-0006, execId=0)
22/03/02 14:52:31 INFO ExternalShuffleBlockResolver: Application app-20220302145225-0006 removed, cleanupLocalDirs = true
22/03/02 14:52:31 INFO Worker: Cleaning up local directories for application app-20220302145225-0006
22/03/02 14:54:49 INFO Worker: Asked to launch executor app-20220302145449-0007/0 for pyspark-notebook2
22/03/02 14:54:49 INFO SecurityManager: Changing view acls to: gitpod
22/03/02 14:54:49 INFO SecurityManager: Changing modify acls to: gitpod
22/03/02 14:54:49 INFO SecurityManager: Changing view acls groups to: 
22/03/02 14:54:49 INFO SecurityManager: Changing modify acls groups to: 
22/03/02 14:54:49 INFO SecurityManager: SecurityManager: authentication disabled; ui acls disabled; users  with view permissions: Set(gitpod); groups with view permissions: Set(); users  with modify permissions: Set(gitpod); groups with modify permissions: Set()
22/03/02 14:54:49 INFO ExecutorRunner: Launch command: "/home/gitpod/.sdkman/candidates/java/current/bin/java" "-cp" "/workspace/PysparkMongoAirflow/spark-3.1.1-bin-hadoop2.7/conf/:/workspace/PysparkMongoAirflow/spark-3.1.1-bin-hadoop2.7/jars/*" "-Xmx1024M" "-Dspark.driver.port=44265" "org.apache.spark.executor.CoarseGrainedExecutorBackend" "--driver-url" "spark://CoarseGrainedScheduler@10.0.2.100:44265" "--executor-id" "0" "--hostname" "10.0.2.100" "--cores" "1" "--app-id" "app-20220302145449-0007" "--worker-url" "spark://Worker@10.0.2.100:42611"
22/03/02 14:55:14 INFO Worker: Asked to kill executor app-20220302145449-0007/0
22/03/02 14:55:14 INFO ExecutorRunner: Runner thread for executor app-20220302145449-0007/0 interrupted
22/03/02 14:55:14 INFO ExecutorRunner: Killing process!
22/03/02 14:55:14 INFO Worker: Executor app-20220302145449-0007/0 finished with state KILLED exitStatus 143
22/03/02 14:55:14 INFO ExternalShuffleBlockResolver: Clean up non-shuffle and non-RDD files associated with the finished executor 0
22/03/02 14:55:14 INFO ExternalShuffleBlockResolver: Executor is not registered (appId=app-20220302145449-0007, execId=0)
22/03/02 14:55:14 INFO ExternalShuffleBlockResolver: Application app-20220302145449-0007 removed, cleanupLocalDirs = true
22/03/02 14:55:14 INFO Worker: Cleaning up local directories for application app-20220302145449-0007
22/03/02 15:13:25 INFO Worker: Asked to launch executor app-20220302151325-0008/0 for pyspark-notebook2
22/03/02 15:13:25 INFO SecurityManager: Changing view acls to: gitpod
22/03/02 15:13:25 INFO SecurityManager: Changing modify acls to: gitpod
22/03/02 15:13:25 INFO SecurityManager: Changing view acls groups to: 
22/03/02 15:13:25 INFO SecurityManager: Changing modify acls groups to: 
22/03/02 15:13:25 INFO SecurityManager: SecurityManager: authentication disabled; ui acls disabled; users  with view permissions: Set(gitpod); groups with view permissions: Set(); users  with modify permissions: Set(gitpod); groups with modify permissions: Set()
22/03/02 15:13:25 INFO ExecutorRunner: Launch command: "/home/gitpod/.sdkman/candidates/java/current/bin/java" "-cp" "/workspace/PysparkMongoAirflow/spark-3.1.1-bin-hadoop2.7/conf/:/workspace/PysparkMongoAirflow/spark-3.1.1-bin-hadoop2.7/jars/*" "-Xmx1024M" "-Dspark.driver.port=36165" "org.apache.spark.executor.CoarseGrainedExecutorBackend" "--driver-url" "spark://CoarseGrainedScheduler@10.0.2.100:36165" "--executor-id" "0" "--hostname" "10.0.2.100" "--cores" "1" "--app-id" "app-20220302151325-0008" "--worker-url" "spark://Worker@10.0.2.100:42611"
22/03/02 15:13:26 INFO Worker: Asked to kill executor app-20220302151325-0008/0
22/03/02 15:13:26 INFO ExecutorRunner: Runner thread for executor app-20220302151325-0008/0 interrupted
22/03/02 15:13:26 INFO ExecutorRunner: Killing process!
22/03/02 15:13:26 INFO Worker: Executor app-20220302151325-0008/0 finished with state KILLED exitStatus 143
22/03/02 15:13:26 INFO ExternalShuffleBlockResolver: Clean up non-shuffle and non-RDD files associated with the finished executor 0
22/03/02 15:13:26 INFO ExternalShuffleBlockResolver: Executor is not registered (appId=app-20220302151325-0008, execId=0)
22/03/02 15:13:26 INFO ExternalShuffleBlockResolver: Application app-20220302151325-0008 removed, cleanupLocalDirs = true
22/03/02 15:13:26 INFO Worker: Cleaning up local directories for application app-20220302151325-0008
22/03/02 15:16:08 INFO Worker: Asked to launch executor app-20220302151608-0009/0 for pyspark-notebook2
22/03/02 15:16:08 INFO SecurityManager: Changing view acls to: gitpod
22/03/02 15:16:08 INFO SecurityManager: Changing modify acls to: gitpod
22/03/02 15:16:08 INFO SecurityManager: Changing view acls groups to: 
22/03/02 15:16:08 INFO SecurityManager: Changing modify acls groups to: 
22/03/02 15:16:08 INFO SecurityManager: SecurityManager: authentication disabled; ui acls disabled; users  with view permissions: Set(gitpod); groups with view permissions: Set(); users  with modify permissions: Set(gitpod); groups with modify permissions: Set()
22/03/02 15:16:08 INFO ExecutorRunner: Launch command: "/home/gitpod/.sdkman/candidates/java/current/bin/java" "-cp" "/workspace/PysparkMongoAirflow/spark-3.1.1-bin-hadoop2.7/conf/:/workspace/PysparkMongoAirflow/spark-3.1.1-bin-hadoop2.7/jars/*" "-Xmx1024M" "-Dspark.driver.port=45299" "org.apache.spark.executor.CoarseGrainedExecutorBackend" "--driver-url" "spark://CoarseGrainedScheduler@10.0.2.100:45299" "--executor-id" "0" "--hostname" "10.0.2.100" "--cores" "1" "--app-id" "app-20220302151608-0009" "--worker-url" "spark://Worker@10.0.2.100:42611"
22/03/02 15:16:09 INFO Worker: Asked to kill executor app-20220302151608-0009/0
22/03/02 15:16:09 INFO ExecutorRunner: Runner thread for executor app-20220302151608-0009/0 interrupted
22/03/02 15:16:09 INFO ExecutorRunner: Killing process!
22/03/02 15:16:09 INFO Worker: Executor app-20220302151608-0009/0 finished with state KILLED exitStatus 143
22/03/02 15:16:09 INFO ExternalShuffleBlockResolver: Clean up non-shuffle and non-RDD files associated with the finished executor 0
22/03/02 15:16:09 INFO ExternalShuffleBlockResolver: Executor is not registered (appId=app-20220302151608-0009, execId=0)
22/03/02 15:16:09 INFO ExternalShuffleBlockResolver: Application app-20220302151608-0009 removed, cleanupLocalDirs = true
22/03/02 15:16:09 INFO Worker: Cleaning up local directories for application app-20220302151608-0009
22/03/02 15:25:09 INFO Worker: Asked to launch executor app-20220302152509-0010/0 for pyspark-notebook2
22/03/02 15:25:09 INFO SecurityManager: Changing view acls to: gitpod
22/03/02 15:25:09 INFO SecurityManager: Changing modify acls to: gitpod
22/03/02 15:25:09 INFO SecurityManager: Changing view acls groups to: 
22/03/02 15:25:09 INFO SecurityManager: Changing modify acls groups to: 
22/03/02 15:25:09 INFO SecurityManager: SecurityManager: authentication disabled; ui acls disabled; users  with view permissions: Set(gitpod); groups with view permissions: Set(); users  with modify permissions: Set(gitpod); groups with modify permissions: Set()
22/03/02 15:25:09 INFO ExecutorRunner: Launch command: "/home/gitpod/.sdkman/candidates/java/current/bin/java" "-cp" "/workspace/PysparkMongoAirflow/spark-3.1.1-bin-hadoop2.7/conf/:/workspace/PysparkMongoAirflow/spark-3.1.1-bin-hadoop2.7/jars/*" "-Xmx1024M" "-Dspark.driver.port=44421" "org.apache.spark.executor.CoarseGrainedExecutorBackend" "--driver-url" "spark://CoarseGrainedScheduler@10.0.2.100:44421" "--executor-id" "0" "--hostname" "10.0.2.100" "--cores" "1" "--app-id" "app-20220302152509-0010" "--worker-url" "spark://Worker@10.0.2.100:42611"
22/03/02 15:25:11 INFO Worker: Asked to kill executor app-20220302152509-0010/0
22/03/02 15:25:11 INFO ExecutorRunner: Runner thread for executor app-20220302152509-0010/0 interrupted
22/03/02 15:25:11 INFO ExecutorRunner: Killing process!
22/03/02 15:25:11 INFO Worker: Executor app-20220302152509-0010/0 finished with state KILLED exitStatus 143
22/03/02 15:25:11 INFO ExternalShuffleBlockResolver: Clean up non-shuffle and non-RDD files associated with the finished executor 0
22/03/02 15:25:11 INFO ExternalShuffleBlockResolver: Executor is not registered (appId=app-20220302152509-0010, execId=0)
22/03/02 15:25:11 INFO ExternalShuffleBlockResolver: Application app-20220302152509-0010 removed, cleanupLocalDirs = true
22/03/02 15:25:11 INFO Worker: Cleaning up local directories for application app-20220302152509-0010
22/03/02 15:33:05 INFO Worker: Asked to launch executor app-20220302153305-0011/0 for pyspark-notebook2
22/03/02 15:33:05 INFO SecurityManager: Changing view acls to: gitpod
22/03/02 15:33:05 INFO SecurityManager: Changing modify acls to: gitpod
22/03/02 15:33:05 INFO SecurityManager: Changing view acls groups to: 
22/03/02 15:33:05 INFO SecurityManager: Changing modify acls groups to: 
22/03/02 15:33:05 INFO SecurityManager: SecurityManager: authentication disabled; ui acls disabled; users  with view permissions: Set(gitpod); groups with view permissions: Set(); users  with modify permissions: Set(gitpod); groups with modify permissions: Set()
22/03/02 15:33:05 INFO ExecutorRunner: Launch command: "/home/gitpod/.sdkman/candidates/java/current/bin/java" "-cp" "/workspace/PysparkMongoAirflow/spark-3.1.1-bin-hadoop2.7/conf/:/workspace/PysparkMongoAirflow/spark-3.1.1-bin-hadoop2.7/jars/*" "-Xmx1024M" "-Dspark.driver.port=44473" "org.apache.spark.executor.CoarseGrainedExecutorBackend" "--driver-url" "spark://CoarseGrainedScheduler@10.0.2.100:44473" "--executor-id" "0" "--hostname" "10.0.2.100" "--cores" "1" "--app-id" "app-20220302153305-0011" "--worker-url" "spark://Worker@10.0.2.100:42611"
22/03/02 15:33:07 INFO Worker: Asked to kill executor app-20220302153305-0011/0
22/03/02 15:33:07 INFO ExecutorRunner: Runner thread for executor app-20220302153305-0011/0 interrupted
22/03/02 15:33:07 INFO ExecutorRunner: Killing process!
22/03/02 15:33:07 INFO Worker: Executor app-20220302153305-0011/0 finished with state KILLED exitStatus 143
22/03/02 15:33:07 INFO ExternalShuffleBlockResolver: Clean up non-shuffle and non-RDD files associated with the finished executor 0
22/03/02 15:33:07 INFO ExternalShuffleBlockResolver: Executor is not registered (appId=app-20220302153305-0011, execId=0)
22/03/02 15:33:07 INFO ExternalShuffleBlockResolver: Application app-20220302153305-0011 removed, cleanupLocalDirs = true
22/03/02 15:33:07 INFO Worker: Cleaning up local directories for application app-20220302153305-0011
22/03/02 15:45:05 INFO Worker: Asked to launch executor app-20220302154505-0012/0 for pyspark-notebook2
22/03/02 15:45:05 INFO SecurityManager: Changing view acls to: gitpod
22/03/02 15:45:05 INFO SecurityManager: Changing modify acls to: gitpod
22/03/02 15:45:05 INFO SecurityManager: Changing view acls groups to: 
22/03/02 15:45:05 INFO SecurityManager: Changing modify acls groups to: 
22/03/02 15:45:05 INFO SecurityManager: SecurityManager: authentication disabled; ui acls disabled; users  with view permissions: Set(gitpod); groups with view permissions: Set(); users  with modify permissions: Set(gitpod); groups with modify permissions: Set()
22/03/02 15:45:05 INFO ExecutorRunner: Launch command: "/home/gitpod/.sdkman/candidates/java/current/bin/java" "-cp" "/workspace/PysparkMongoAirflow/spark-3.1.1-bin-hadoop2.7/conf/:/workspace/PysparkMongoAirflow/spark-3.1.1-bin-hadoop2.7/jars/*" "-Xmx1024M" "-Dspark.driver.port=41263" "org.apache.spark.executor.CoarseGrainedExecutorBackend" "--driver-url" "spark://CoarseGrainedScheduler@10.0.2.100:41263" "--executor-id" "0" "--hostname" "10.0.2.100" "--cores" "1" "--app-id" "app-20220302154505-0012" "--worker-url" "spark://Worker@10.0.2.100:42611"
22/03/02 15:45:11 INFO Worker: Asked to kill executor app-20220302154505-0012/0
22/03/02 15:45:11 INFO ExecutorRunner: Runner thread for executor app-20220302154505-0012/0 interrupted
22/03/02 15:45:11 INFO ExecutorRunner: Killing process!
22/03/02 15:45:11 INFO Worker: Executor app-20220302154505-0012/0 finished with state KILLED exitStatus 143
22/03/02 15:45:11 INFO ExternalShuffleBlockResolver: Clean up non-shuffle and non-RDD files associated with the finished executor 0
22/03/02 15:45:11 INFO ExternalShuffleBlockResolver: Executor is not registered (appId=app-20220302154505-0012, execId=0)
22/03/02 15:45:11 INFO ExternalShuffleBlockResolver: Application app-20220302154505-0012 removed, cleanupLocalDirs = true
22/03/02 15:45:11 INFO Worker: Cleaning up local directories for application app-20220302154505-0012
22/03/02 15:51:45 INFO Worker: Asked to launch executor app-20220302155145-0013/0 for pyspark-notebook2
22/03/02 15:51:45 INFO SecurityManager: Changing view acls to: gitpod
22/03/02 15:51:45 INFO SecurityManager: Changing modify acls to: gitpod
22/03/02 15:51:45 INFO SecurityManager: Changing view acls groups to: 
22/03/02 15:51:45 INFO SecurityManager: Changing modify acls groups to: 
22/03/02 15:51:45 INFO SecurityManager: SecurityManager: authentication disabled; ui acls disabled; users  with view permissions: Set(gitpod); groups with view permissions: Set(); users  with modify permissions: Set(gitpod); groups with modify permissions: Set()
22/03/02 15:51:45 INFO ExecutorRunner: Launch command: "/home/gitpod/.sdkman/candidates/java/current/bin/java" "-cp" "/workspace/PysparkMongoAirflow/spark-3.1.1-bin-hadoop2.7/conf/:/workspace/PysparkMongoAirflow/spark-3.1.1-bin-hadoop2.7/jars/*" "-Xmx1024M" "-Dspark.driver.port=36889" "org.apache.spark.executor.CoarseGrainedExecutorBackend" "--driver-url" "spark://CoarseGrainedScheduler@10.0.2.100:36889" "--executor-id" "0" "--hostname" "10.0.2.100" "--cores" "1" "--app-id" "app-20220302155145-0013" "--worker-url" "spark://Worker@10.0.2.100:42611"
22/03/02 15:52:15 INFO Worker: Asked to kill executor app-20220302155145-0013/0
22/03/02 15:52:15 INFO ExecutorRunner: Runner thread for executor app-20220302155145-0013/0 interrupted
22/03/02 15:52:15 INFO ExecutorRunner: Killing process!
22/03/02 15:52:15 INFO Worker: Executor app-20220302155145-0013/0 finished with state KILLED exitStatus 143
22/03/02 15:52:15 INFO ExternalShuffleBlockResolver: Clean up non-shuffle and non-RDD files associated with the finished executor 0
22/03/02 15:52:15 INFO ExternalShuffleBlockResolver: Executor is not registered (appId=app-20220302155145-0013, execId=0)
22/03/02 15:52:15 INFO ExternalShuffleBlockResolver: Application app-20220302155145-0013 removed, cleanupLocalDirs = true
22/03/02 15:52:15 INFO Worker: Cleaning up local directories for application app-20220302155145-0013
